#
# There is insufficient memory for the Java Runtime Environment to continue.
# Native memory allocation (malloc) failed to allocate 969856 bytes for Chunk::new
# Possible reasons:
#   The system is out of physical RAM or swap space
#   The process is running with CompressedOops enabled, and the Java Heap may be blocking the growth of the native heap
# Possible solutions:
#   Reduce memory load on the system
#   Increase physical memory or swap space
#   Check if swap backing store is full
#   Decrease Java heap size (-Xmx/-Xms)
#   Decrease number of Java threads
#   Decrease Java thread stack sizes (-Xss)
#   Set larger code cache with -XX:ReservedCodeCacheSize=
#   JVM is running with Unscaled Compressed Oops mode in which the Java heap is
#     placed in the first 4GB address space. The Java Heap base address is the
#     maximum limit for the native heap growth. Please use -XX:HeapBaseMinAddress
#     to set the Java Heap base and to place the Java Heap above 4GB virtual address.
# This output file may be truncated or incomplete.
#
#  Out of Memory Error (arena.cpp:189), pid=16636, tid=7968
#
# JRE version: Java(TM) SE Runtime Environment (17.0.12+8) (build 17.0.12+8-LTS-286)
# Java VM: Java HotSpot(TM) 64-Bit Server VM (17.0.12+8-LTS-286, mixed mode, sharing, tiered, compressed oops, compressed class ptrs, g1 gc, windows-amd64)
# No core dump will be written. Minidumps are not enabled by default on client versions of Windows
#

---------------  S U M M A R Y ------------

Command Line: -Dclassworlds.conf=D:\apache-maven-3.9.9-bin\apache-maven-3.9.9\bin\m2.conf -Dmaven.home=D:\apache-maven-3.9.9-bin\apache-maven-3.9.9 -Dlibrary.jansi.path=D:\apache-maven-3.9.9-bin\apache-maven-3.9.9\lib\jansi-native -Dmaven.multiModuleProjectDirectory=D:\M1 ESP\S2\PPP\Projet_Orthanc_Doc_Rendre\App_Image_Medical_Orthanc\orthanc-backend org.codehaus.plexus.classworlds.launcher.Launcher spring-boot:run

Host: AMD Ryzen 5 3500U with Radeon Vega Mobile Gfx  , 8 cores, 6G,  Windows 11 , 64 bit Build 22621 (10.0.22621.5124)
Time: Tue May 27 10:41:35 2025 Greenwich elapsed time: 6.698885 seconds (0d 0h 0m 6s)

---------------  T H R E A D  ---------------

Current thread (0x000001f1207ed6a0):  JavaThread "C2 CompilerThread0" daemon [_thread_in_native, id=7968, stack(0x000000a0f3c00000,0x000000a0f3d00000)]


Current CompileTask:
C2:   6699 4844       4       jdk.internal.org.objectweb.asm.Frame::execute (2305 bytes)

Stack: [0x000000a0f3c00000,0x000000a0f3d00000]
Native frames: (J=compiled Java code, j=interpreted, Vv=VM code, C=native code)
V  [jvm.dll+0x67a04a]
V  [jvm.dll+0x7da4ed]
V  [jvm.dll+0x7dbe33]
V  [jvm.dll+0x7dc4a3]
V  [jvm.dll+0x24508f]
V  [jvm.dll+0xab773]
V  [jvm.dll+0xabd3c]
V  [jvm.dll+0x2aa52f]
V  [jvm.dll+0x581eb9]
V  [jvm.dll+0x21f422]
V  [jvm.dll+0x21f81f]
V  [jvm.dll+0x218aa0]
V  [jvm.dll+0x215b65]
V  [jvm.dll+0x1a2960]
V  [jvm.dll+0x22610b]
V  [jvm.dll+0x2242ab]
V  [jvm.dll+0x79075c]
V  [jvm.dll+0x78abea]
V  [jvm.dll+0x678f35]
C  [ucrtbase.dll+0x29333]
C  [KERNEL32.DLL+0x1259d]
C  [ntdll.dll+0x5af38]


---------------  P R O C E S S  ---------------

Threads class SMR info:
_java_thread_list=0x000001f1674f0f20, length=14, elements={
0x000001f102fd68b0, 0x000001f1207c4a80, 0x000001f1207c5900, 0x000001f1207dda10,
0x000001f1207e03f0, 0x000001f1207e0cc0, 0x000001f1207e1590, 0x000001f1207ed6a0,
0x000001f1207eefc0, 0x000001f1207f3cf0, 0x000001f120a92220, 0x000001f120a90de0,
0x000001f1665bd7e0, 0x000001f120a92730
}

Java Threads: ( => current thread )
  0x000001f102fd68b0 JavaThread "main" [_thread_in_native, id=13604, stack(0x000000a0f2f00000,0x000000a0f3000000)]
  0x000001f1207c4a80 JavaThread "Reference Handler" daemon [_thread_blocked, id=6572, stack(0x000000a0f3600000,0x000000a0f3700000)]
  0x000001f1207c5900 JavaThread "Finalizer" daemon [_thread_blocked, id=18264, stack(0x000000a0f3700000,0x000000a0f3800000)]
  0x000001f1207dda10 JavaThread "Signal Dispatcher" daemon [_thread_blocked, id=22508, stack(0x000000a0f3800000,0x000000a0f3900000)]
  0x000001f1207e03f0 JavaThread "Attach Listener" daemon [_thread_blocked, id=19380, stack(0x000000a0f3900000,0x000000a0f3a00000)]
  0x000001f1207e0cc0 JavaThread "Service Thread" daemon [_thread_blocked, id=12144, stack(0x000000a0f3a00000,0x000000a0f3b00000)]
  0x000001f1207e1590 JavaThread "Monitor Deflation Thread" daemon [_thread_blocked, id=11004, stack(0x000000a0f3b00000,0x000000a0f3c00000)]
=>0x000001f1207ed6a0 JavaThread "C2 CompilerThread0" daemon [_thread_in_native, id=7968, stack(0x000000a0f3c00000,0x000000a0f3d00000)]
  0x000001f1207eefc0 JavaThread "C1 CompilerThread0" daemon [_thread_blocked, id=19180, stack(0x000000a0f3d00000,0x000000a0f3e00000)]
  0x000001f1207f3cf0 JavaThread "Sweeper thread" daemon [_thread_blocked, id=1524, stack(0x000000a0f3e00000,0x000000a0f3f00000)]
  0x000001f120a92220 JavaThread "Notification Thread" daemon [_thread_blocked, id=19484, stack(0x000000a0f3f00000,0x000000a0f4000000)]
  0x000001f120a90de0 JavaThread "Common-Cleaner" daemon [_thread_blocked, id=17940, stack(0x000000a0f4100000,0x000000a0f4200000)]
  0x000001f1665bd7e0 JavaThread "C2 CompilerThread1" daemon [_thread_in_native, id=20268, stack(0x000000a0f4200000,0x000000a0f4300000)]
  0x000001f120a92730 JavaThread "Thread-1" daemon [_thread_blocked, id=13532, stack(0x000000a0f4a00000,0x000000a0f4b00000)]

Other Threads:
  0x000001f1207bfa70 VMThread "VM Thread" [stack: 0x000000a0f3500000,0x000000a0f3600000] [id=21596]
  0x000001f120a967c0 WatcherThread [stack: 0x000000a0f4000000,0x000000a0f4100000] [id=15264]
  0x000001f1030296a0 GCTaskThread "GC Thread#0" [stack: 0x000000a0f3000000,0x000000a0f3100000] [id=16016]
  0x000001f1665c04d0 GCTaskThread "GC Thread#1" [stack: 0x000000a0f4400000,0x000000a0f4500000] [id=12108]
  0x000001f166849870 GCTaskThread "GC Thread#2" [stack: 0x000000a0f4500000,0x000000a0f4600000] [id=20360]
  0x000001f1667ed540 GCTaskThread "GC Thread#3" [stack: 0x000000a0f4600000,0x000000a0f4700000] [id=20100]
  0x000001f1666ed890 GCTaskThread "GC Thread#4" [stack: 0x000000a0f4700000,0x000000a0f4800000] [id=18480]
  0x000001f1666edb50 GCTaskThread "GC Thread#5" [stack: 0x000000a0f4800000,0x000000a0f4900000] [id=15456]
  0x000001f16672f510 GCTaskThread "GC Thread#6" [stack: 0x000000a0f4900000,0x000000a0f4a00000] [id=17376]
  0x000001f166943d70 GCTaskThread "GC Thread#7" [stack: 0x000000a0f4300000,0x000000a0f4400000] [id=22176]
  0x000001f103039ba0 ConcurrentGCThread "G1 Main Marker" [stack: 0x000000a0f3100000,0x000000a0f3200000] [id=15984]
  0x000001f10303a5b0 ConcurrentGCThread "G1 Conc#0" [stack: 0x000000a0f3200000,0x000000a0f3300000] [id=11572]
  0x000001f10309e6d0 ConcurrentGCThread "G1 Refine#0" [stack: 0x000000a0f3300000,0x000000a0f3400000] [id=7352]
  0x000001f12067d280 ConcurrentGCThread "G1 Service" [stack: 0x000000a0f3400000,0x000000a0f3500000] [id=12676]

Threads with active compile tasks:
C2 CompilerThread0     6759 4844       4       jdk.internal.org.objectweb.asm.Frame::execute (2305 bytes)
C2 CompilerThread1     6760 4884       4       java.util.TimSort::binarySort (223 bytes)

VM state: not at safepoint (normal execution)

VM Mutex/Monitor currently owned by a thread: None

Heap address: 0x0000000091000000, size: 1776 MB, Compressed Oops mode: 32-bit

CDS archive(s) mapped at: [0x000001f121000000-0x000001f121bd0000-0x000001f121bd0000), size 12386304, SharedBaseAddress: 0x000001f121000000, ArchiveRelocationMode: 1.
Compressed class space mapped at: 0x000001f122000000-0x000001f162000000, reserved size: 1073741824
Narrow klass base: 0x000001f121000000, Narrow klass shift: 0, Narrow klass range: 0x100000000

GC Precious Log:
 CPUs: 8 total, 8 available
 Memory: 7103M
 Large Page Support: Disabled
 NUMA Support: Disabled
 Compressed Oops: Enabled (32-bit)
 Heap Region Size: 1M
 Heap Min Capacity: 8M
 Heap Initial Capacity: 112M
 Heap Max Capacity: 1776M
 Pre-touch: Disabled
 Parallel Workers: 8
 Concurrent Workers: 2
 Concurrent Refinement Workers: 8
 Periodic GC: Disabled

Heap:
 garbage-first heap   total 114688K, used 49688K [0x0000000091000000, 0x0000000100000000)
  region size 1024K, 36 young (36864K), 3 survivors (3072K)
 Metaspace       used 19321K, committed 19584K, reserved 1114112K
  class space    used 2219K, committed 2368K, reserved 1048576K

Heap Regions: E=young(eden), S=young(survivor), O=old, HS=humongous(starts), HC=humongous(continues), CS=collection set, F=free, OA=open archive, CA=closed archive, TAMS=top-at-mark-start (previous, next)
|   0|0x0000000091000000, 0x0000000091100000, 0x0000000091100000|100%| O|  |TAMS 0x0000000091000000, 0x0000000091000000| Untracked 
|   1|0x0000000091100000, 0x0000000091200000, 0x0000000091200000|100%| O|  |TAMS 0x0000000091100000, 0x0000000091100000| Untracked 
|   2|0x0000000091200000, 0x0000000091300000, 0x0000000091300000|100%| O|  |TAMS 0x0000000091200000, 0x0000000091200000| Untracked 
|   3|0x0000000091300000, 0x0000000091400000, 0x0000000091400000|100%| O|  |TAMS 0x0000000091300000, 0x0000000091300000| Untracked 
|   4|0x0000000091400000, 0x0000000091500000, 0x0000000091500000|100%|HS|  |TAMS 0x0000000091400000, 0x0000000091400000| Complete 
|   5|0x0000000091500000, 0x0000000091600000, 0x0000000091600000|100%|HS|  |TAMS 0x0000000091500000, 0x0000000091500000| Complete 
|   6|0x0000000091600000, 0x0000000091600000, 0x0000000091700000|  0%| F|  |TAMS 0x0000000091600000, 0x0000000091600000| Untracked 
|   7|0x0000000091700000, 0x0000000091700000, 0x0000000091800000|  0%| F|  |TAMS 0x0000000091700000, 0x0000000091700000| Untracked 
|   8|0x0000000091800000, 0x0000000091800000, 0x0000000091900000|  0%| F|  |TAMS 0x0000000091800000, 0x0000000091800000| Untracked 
|   9|0x0000000091900000, 0x0000000091900000, 0x0000000091a00000|  0%| F|  |TAMS 0x0000000091900000, 0x0000000091900000| Untracked 
|  10|0x0000000091a00000, 0x0000000091a00000, 0x0000000091b00000|  0%| F|  |TAMS 0x0000000091a00000, 0x0000000091a00000| Untracked 
|  11|0x0000000091b00000, 0x0000000091b00000, 0x0000000091c00000|  0%| F|  |TAMS 0x0000000091b00000, 0x0000000091b00000| Untracked 
|  12|0x0000000091c00000, 0x0000000091c00000, 0x0000000091d00000|  0%| F|  |TAMS 0x0000000091c00000, 0x0000000091c00000| Untracked 
|  13|0x0000000091d00000, 0x0000000091d00000, 0x0000000091e00000|  0%| F|  |TAMS 0x0000000091d00000, 0x0000000091d00000| Untracked 
|  14|0x0000000091e00000, 0x0000000091e00000, 0x0000000091f00000|  0%| F|  |TAMS 0x0000000091e00000, 0x0000000091e00000| Untracked 
|  15|0x0000000091f00000, 0x0000000091f00000, 0x0000000092000000|  0%| F|  |TAMS 0x0000000091f00000, 0x0000000091f00000| Untracked 
|  16|0x0000000092000000, 0x0000000092000000, 0x0000000092100000|  0%| F|  |TAMS 0x0000000092000000, 0x0000000092000000| Untracked 
|  17|0x0000000092100000, 0x0000000092100000, 0x0000000092200000|  0%| F|  |TAMS 0x0000000092100000, 0x0000000092100000| Untracked 
|  18|0x0000000092200000, 0x0000000092200000, 0x0000000092300000|  0%| F|  |TAMS 0x0000000092200000, 0x0000000092200000| Untracked 
|  19|0x0000000092300000, 0x0000000092300000, 0x0000000092400000|  0%| F|  |TAMS 0x0000000092300000, 0x0000000092300000| Untracked 
|  20|0x0000000092400000, 0x0000000092400000, 0x0000000092500000|  0%| F|  |TAMS 0x0000000092400000, 0x0000000092400000| Untracked 
|  21|0x0000000092500000, 0x0000000092500000, 0x0000000092600000|  0%| F|  |TAMS 0x0000000092500000, 0x0000000092500000| Untracked 
|  22|0x0000000092600000, 0x0000000092600000, 0x0000000092700000|  0%| F|  |TAMS 0x0000000092600000, 0x0000000092600000| Untracked 
|  23|0x0000000092700000, 0x0000000092700000, 0x0000000092800000|  0%| F|  |TAMS 0x0000000092700000, 0x0000000092700000| Untracked 
|  24|0x0000000092800000, 0x0000000092800000, 0x0000000092900000|  0%| F|  |TAMS 0x0000000092800000, 0x0000000092800000| Untracked 
|  25|0x0000000092900000, 0x0000000092900000, 0x0000000092a00000|  0%| F|  |TAMS 0x0000000092900000, 0x0000000092900000| Untracked 
|  26|0x0000000092a00000, 0x0000000092a00000, 0x0000000092b00000|  0%| F|  |TAMS 0x0000000092a00000, 0x0000000092a00000| Untracked 
|  27|0x0000000092b00000, 0x0000000092b00000, 0x0000000092c00000|  0%| F|  |TAMS 0x0000000092b00000, 0x0000000092b00000| Untracked 
|  28|0x0000000092c00000, 0x0000000092c00000, 0x0000000092d00000|  0%| F|  |TAMS 0x0000000092c00000, 0x0000000092c00000| Untracked 
|  29|0x0000000092d00000, 0x0000000092d00000, 0x0000000092e00000|  0%| F|  |TAMS 0x0000000092d00000, 0x0000000092d00000| Untracked 
|  30|0x0000000092e00000, 0x0000000092e00000, 0x0000000092f00000|  0%| F|  |TAMS 0x0000000092e00000, 0x0000000092e00000| Untracked 
|  31|0x0000000092f00000, 0x0000000092f00000, 0x0000000093000000|  0%| F|  |TAMS 0x0000000092f00000, 0x0000000092f00000| Untracked 
|  32|0x0000000093000000, 0x0000000093000000, 0x0000000093100000|  0%| F|  |TAMS 0x0000000093000000, 0x0000000093000000| Untracked 
|  33|0x0000000093100000, 0x0000000093100000, 0x0000000093200000|  0%| F|  |TAMS 0x0000000093100000, 0x0000000093100000| Untracked 
|  34|0x0000000093200000, 0x0000000093200000, 0x0000000093300000|  0%| F|  |TAMS 0x0000000093200000, 0x0000000093200000| Untracked 
|  35|0x0000000093300000, 0x0000000093300000, 0x0000000093400000|  0%| F|  |TAMS 0x0000000093300000, 0x0000000093300000| Untracked 
|  36|0x0000000093400000, 0x0000000093400000, 0x0000000093500000|  0%| F|  |TAMS 0x0000000093400000, 0x0000000093400000| Untracked 
|  37|0x0000000093500000, 0x0000000093500000, 0x0000000093600000|  0%| F|  |TAMS 0x0000000093500000, 0x0000000093500000| Untracked 
|  38|0x0000000093600000, 0x0000000093600000, 0x0000000093700000|  0%| F|  |TAMS 0x0000000093600000, 0x0000000093600000| Untracked 
|  39|0x0000000093700000, 0x0000000093700000, 0x0000000093800000|  0%| F|  |TAMS 0x0000000093700000, 0x0000000093700000| Untracked 
|  40|0x0000000093800000, 0x0000000093800000, 0x0000000093900000|  0%| F|  |TAMS 0x0000000093800000, 0x0000000093800000| Untracked 
|  41|0x0000000093900000, 0x0000000093900000, 0x0000000093a00000|  0%| F|  |TAMS 0x0000000093900000, 0x0000000093900000| Untracked 
|  42|0x0000000093a00000, 0x0000000093a00000, 0x0000000093b00000|  0%| F|  |TAMS 0x0000000093a00000, 0x0000000093a00000| Untracked 
|  43|0x0000000093b00000, 0x0000000093b00000, 0x0000000093c00000|  0%| F|  |TAMS 0x0000000093b00000, 0x0000000093b00000| Untracked 
|  44|0x0000000093c00000, 0x0000000093c00000, 0x0000000093d00000|  0%| F|  |TAMS 0x0000000093c00000, 0x0000000093c00000| Untracked 
|  45|0x0000000093d00000, 0x0000000093e00000, 0x0000000093e00000|100%| O|  |TAMS 0x0000000093d00000, 0x0000000093d00000| Untracked 
|  46|0x0000000093e00000, 0x0000000093f00000, 0x0000000093f00000|100%| O|  |TAMS 0x0000000093e00000, 0x0000000093e00000| Untracked 
|  47|0x0000000093f00000, 0x0000000094000000, 0x0000000094000000|100%| O|  |TAMS 0x0000000093f00000, 0x0000000093f00000| Untracked 
|  48|0x0000000094000000, 0x0000000094100000, 0x0000000094100000|100%| O|  |TAMS 0x0000000094000000, 0x0000000094000000| Untracked 
|  49|0x0000000094100000, 0x0000000094200000, 0x0000000094200000|100%| O|  |TAMS 0x0000000094100000, 0x0000000094100000| Untracked 
|  50|0x0000000094200000, 0x0000000094300000, 0x0000000094300000|100%| O|  |TAMS 0x0000000094200000, 0x0000000094200000| Untracked 
|  51|0x0000000094300000, 0x0000000094400000, 0x0000000094400000|100%| O|  |TAMS 0x0000000094300000, 0x0000000094300000| Untracked 
|  52|0x0000000094400000, 0x0000000094486200, 0x0000000094500000| 52%| O|  |TAMS 0x0000000094400000, 0x0000000094400000| Untracked 
|  53|0x0000000094500000, 0x0000000094500000, 0x0000000094600000|  0%| F|  |TAMS 0x0000000094500000, 0x0000000094500000| Untracked 
|  54|0x0000000094600000, 0x0000000094600000, 0x0000000094700000|  0%| F|  |TAMS 0x0000000094600000, 0x0000000094600000| Untracked 
|  55|0x0000000094700000, 0x0000000094700000, 0x0000000094800000|  0%| F|  |TAMS 0x0000000094700000, 0x0000000094700000| Untracked 
|  56|0x0000000094800000, 0x0000000094800000, 0x0000000094900000|  0%| F|  |TAMS 0x0000000094800000, 0x0000000094800000| Untracked 
|  57|0x0000000094900000, 0x0000000094a00000, 0x0000000094a00000|100%| S|CS|TAMS 0x0000000094900000, 0x0000000094900000| Complete 
|  58|0x0000000094a00000, 0x0000000094b00000, 0x0000000094b00000|100%| S|CS|TAMS 0x0000000094a00000, 0x0000000094a00000| Complete 
|  59|0x0000000094b00000, 0x0000000094c00000, 0x0000000094c00000|100%| S|CS|TAMS 0x0000000094b00000, 0x0000000094b00000| Complete 
|  60|0x0000000094c00000, 0x0000000094c00000, 0x0000000094d00000|  0%| F|  |TAMS 0x0000000094c00000, 0x0000000094c00000| Untracked 
|  61|0x0000000094d00000, 0x0000000094d00000, 0x0000000094e00000|  0%| F|  |TAMS 0x0000000094d00000, 0x0000000094d00000| Untracked 
|  62|0x0000000094e00000, 0x0000000094e00000, 0x0000000094f00000|  0%| F|  |TAMS 0x0000000094e00000, 0x0000000094e00000| Untracked 
|  63|0x0000000094f00000, 0x0000000094f00000, 0x0000000095000000|  0%| F|  |TAMS 0x0000000094f00000, 0x0000000094f00000| Untracked 
|  64|0x0000000095000000, 0x0000000095000000, 0x0000000095100000|  0%| F|  |TAMS 0x0000000095000000, 0x0000000095000000| Untracked 
|  65|0x0000000095100000, 0x0000000095100000, 0x0000000095200000|  0%| F|  |TAMS 0x0000000095100000, 0x0000000095100000| Untracked 
|  66|0x0000000095200000, 0x0000000095200000, 0x0000000095300000|  0%| F|  |TAMS 0x0000000095200000, 0x0000000095200000| Untracked 
|  67|0x0000000095300000, 0x0000000095300000, 0x0000000095400000|  0%| F|  |TAMS 0x0000000095300000, 0x0000000095300000| Untracked 
|  68|0x0000000095400000, 0x0000000095400000, 0x0000000095500000|  0%| F|  |TAMS 0x0000000095400000, 0x0000000095400000| Untracked 
|  69|0x0000000095500000, 0x0000000095500000, 0x0000000095600000|  0%| F|  |TAMS 0x0000000095500000, 0x0000000095500000| Untracked 
|  70|0x0000000095600000, 0x0000000095600000, 0x0000000095700000|  0%| F|  |TAMS 0x0000000095600000, 0x0000000095600000| Untracked 
|  71|0x0000000095700000, 0x0000000095700000, 0x0000000095800000|  0%| F|  |TAMS 0x0000000095700000, 0x0000000095700000| Untracked 
|  72|0x0000000095800000, 0x0000000095800000, 0x0000000095900000|  0%| F|  |TAMS 0x0000000095800000, 0x0000000095800000| Untracked 
|  73|0x0000000095900000, 0x0000000095900000, 0x0000000095a00000|  0%| F|  |TAMS 0x0000000095900000, 0x0000000095900000| Untracked 
|  74|0x0000000095a00000, 0x0000000095a00000, 0x0000000095b00000|  0%| F|  |TAMS 0x0000000095a00000, 0x0000000095a00000| Untracked 
|  75|0x0000000095b00000, 0x0000000095b00000, 0x0000000095c00000|  0%| F|  |TAMS 0x0000000095b00000, 0x0000000095b00000| Untracked 
|  76|0x0000000095c00000, 0x0000000095c00000, 0x0000000095d00000|  0%| F|  |TAMS 0x0000000095c00000, 0x0000000095c00000| Untracked 
|  77|0x0000000095d00000, 0x0000000095d00000, 0x0000000095e00000|  0%| F|  |TAMS 0x0000000095d00000, 0x0000000095d00000| Untracked 
|  78|0x0000000095e00000, 0x0000000095e00000, 0x0000000095f00000|  0%| F|  |TAMS 0x0000000095e00000, 0x0000000095e00000| Untracked 
|  79|0x0000000095f00000, 0x0000000096000000, 0x0000000096000000|100%| E|  |TAMS 0x0000000095f00000, 0x0000000095f00000| Complete 
|  80|0x0000000096000000, 0x0000000096100000, 0x0000000096100000|100%| E|CS|TAMS 0x0000000096000000, 0x0000000096000000| Complete 
|  81|0x0000000096100000, 0x0000000096200000, 0x0000000096200000|100%| E|CS|TAMS 0x0000000096100000, 0x0000000096100000| Complete 
|  82|0x0000000096200000, 0x0000000096300000, 0x0000000096300000|100%| E|CS|TAMS 0x0000000096200000, 0x0000000096200000| Complete 
|  83|0x0000000096300000, 0x0000000096400000, 0x0000000096400000|100%| E|CS|TAMS 0x0000000096300000, 0x0000000096300000| Complete 
|  84|0x0000000096400000, 0x0000000096500000, 0x0000000096500000|100%| E|CS|TAMS 0x0000000096400000, 0x0000000096400000| Complete 
|  85|0x0000000096500000, 0x0000000096600000, 0x0000000096600000|100%| E|CS|TAMS 0x0000000096500000, 0x0000000096500000| Complete 
|  86|0x0000000096600000, 0x0000000096700000, 0x0000000096700000|100%| E|CS|TAMS 0x0000000096600000, 0x0000000096600000| Complete 
|  87|0x0000000096700000, 0x0000000096800000, 0x0000000096800000|100%| E|CS|TAMS 0x0000000096700000, 0x0000000096700000| Complete 
|  88|0x0000000096800000, 0x0000000096900000, 0x0000000096900000|100%| E|CS|TAMS 0x0000000096800000, 0x0000000096800000| Complete 
|  89|0x0000000096900000, 0x0000000096a00000, 0x0000000096a00000|100%| E|CS|TAMS 0x0000000096900000, 0x0000000096900000| Complete 
|  90|0x0000000096a00000, 0x0000000096b00000, 0x0000000096b00000|100%| E|CS|TAMS 0x0000000096a00000, 0x0000000096a00000| Complete 
|  91|0x0000000096b00000, 0x0000000096c00000, 0x0000000096c00000|100%| E|CS|TAMS 0x0000000096b00000, 0x0000000096b00000| Complete 
|  92|0x0000000096c00000, 0x0000000096d00000, 0x0000000096d00000|100%| E|CS|TAMS 0x0000000096c00000, 0x0000000096c00000| Complete 
|  93|0x0000000096d00000, 0x0000000096e00000, 0x0000000096e00000|100%| E|CS|TAMS 0x0000000096d00000, 0x0000000096d00000| Complete 
|  94|0x0000000096e00000, 0x0000000096f00000, 0x0000000096f00000|100%| E|CS|TAMS 0x0000000096e00000, 0x0000000096e00000| Complete 
|  95|0x0000000096f00000, 0x0000000097000000, 0x0000000097000000|100%| E|CS|TAMS 0x0000000096f00000, 0x0000000096f00000| Complete 
|  96|0x0000000097000000, 0x0000000097100000, 0x0000000097100000|100%| E|CS|TAMS 0x0000000097000000, 0x0000000097000000| Complete 
|  97|0x0000000097100000, 0x0000000097200000, 0x0000000097200000|100%| E|CS|TAMS 0x0000000097100000, 0x0000000097100000| Complete 
|  98|0x0000000097200000, 0x0000000097300000, 0x0000000097300000|100%| E|CS|TAMS 0x0000000097200000, 0x0000000097200000| Complete 
|  99|0x0000000097300000, 0x0000000097400000, 0x0000000097400000|100%| E|CS|TAMS 0x0000000097300000, 0x0000000097300000| Complete 
| 100|0x0000000097400000, 0x0000000097500000, 0x0000000097500000|100%| E|CS|TAMS 0x0000000097400000, 0x0000000097400000| Complete 
| 101|0x0000000097500000, 0x0000000097600000, 0x0000000097600000|100%| E|CS|TAMS 0x0000000097500000, 0x0000000097500000| Complete 
| 102|0x0000000097600000, 0x0000000097700000, 0x0000000097700000|100%| E|CS|TAMS 0x0000000097600000, 0x0000000097600000| Complete 
| 103|0x0000000097700000, 0x0000000097800000, 0x0000000097800000|100%| E|CS|TAMS 0x0000000097700000, 0x0000000097700000| Complete 
| 104|0x0000000097800000, 0x0000000097900000, 0x0000000097900000|100%| E|CS|TAMS 0x0000000097800000, 0x0000000097800000| Complete 
| 105|0x0000000097900000, 0x0000000097a00000, 0x0000000097a00000|100%| E|CS|TAMS 0x0000000097900000, 0x0000000097900000| Complete 
| 106|0x0000000097a00000, 0x0000000097b00000, 0x0000000097b00000|100%| E|CS|TAMS 0x0000000097a00000, 0x0000000097a00000| Complete 
| 107|0x0000000097b00000, 0x0000000097c00000, 0x0000000097c00000|100%| E|CS|TAMS 0x0000000097b00000, 0x0000000097b00000| Complete 
| 108|0x0000000097c00000, 0x0000000097d00000, 0x0000000097d00000|100%| E|CS|TAMS 0x0000000097c00000, 0x0000000097c00000| Complete 
| 109|0x0000000097d00000, 0x0000000097e00000, 0x0000000097e00000|100%| E|CS|TAMS 0x0000000097d00000, 0x0000000097d00000| Complete 
| 110|0x0000000097e00000, 0x0000000097f00000, 0x0000000097f00000|100%| E|CS|TAMS 0x0000000097e00000, 0x0000000097e00000| Complete 
| 111|0x0000000097f00000, 0x0000000098000000, 0x0000000098000000|100%| E|CS|TAMS 0x0000000097f00000, 0x0000000097f00000| Complete 

Card table byte_map: [0x000001f119f40000,0x000001f11a2c0000] _byte_map_base: 0x000001f119ab8000

Marking Bits (Prev, Next): (CMBitMap*) 0x000001f103029cc0, (CMBitMap*) 0x000001f103029d00
 Prev Bits: [0x000001f11a640000, 0x000001f11c200000)
 Next Bits: [0x000001f11c200000, 0x000001f11ddc0000)

Polling page: 0x000001f100f30000

Metaspace:

Usage:
  Non-class:     16.70 MB used.
      Class:      2.17 MB used.
       Both:     18.87 MB used.

Virtual space:
  Non-class space:       64.00 MB reserved,      16.81 MB ( 26%) committed,  1 nodes.
      Class space:        1.00 GB reserved,       2.31 MB ( <1%) committed,  1 nodes.
             Both:        1.06 GB reserved,      19.12 MB (  2%) committed. 

Chunk freelists:
   Non-Class:  14.50 MB
       Class:  13.65 MB
        Both:  28.15 MB

MaxMetaspaceSize: unlimited
CompressedClassSpaceSize: 1.00 GB
Initial GC threshold: 21.00 MB
Current GC threshold: 21.00 MB
CDS: on
MetaspaceReclaimPolicy: balanced
 - commit_granule_bytes: 65536.
 - commit_granule_words: 8192.
 - virtual_space_node_default_size: 8388608.
 - enlarge_chunks_in_place: 1.
 - new_chunks_are_fully_committed: 0.
 - uncommit_free_chunks: 1.
 - use_allocation_guard: 0.
 - handle_deallocations: 1.


Internal statistics:

num_allocs_failed_limit: 0.
num_arena_births: 170.
num_arena_deaths: 0.
num_vsnodes_births: 2.
num_vsnodes_deaths: 0.
num_space_committed: 306.
num_space_uncommitted: 0.
num_chunks_returned_to_freelist: 0.
num_chunks_taken_from_freelist: 866.
num_chunk_merges: 0.
num_chunk_splits: 576.
num_chunks_enlarged: 438.
num_inconsistent_stats: 0.

CodeHeap 'non-profiled nmethods': size=120000Kb used=2688Kb max_used=2688Kb free=117311Kb
 bounds [0x000001f112360000, 0x000001f112610000, 0x000001f119890000]
CodeHeap 'profiled nmethods': size=120000Kb used=10458Kb max_used=10458Kb free=109541Kb
 bounds [0x000001f10a890000, 0x000001f10b2d0000, 0x000001f111dc0000]
CodeHeap 'non-nmethods': size=5760Kb used=1195Kb max_used=1249Kb free=4564Kb
 bounds [0x000001f111dc0000, 0x000001f112030000, 0x000001f112360000]
 total_blobs=5378 nmethods=4887 adapters=403
 compilation: enabled
              stopped_count=0, restarted_count=0
 full_count=0

Compilation events (20 events):
Event: 6.514 Thread 0x000001f1207eefc0 4878       3       java.lang.invoke.LambdaForm$Name::useCount (51 bytes)
Event: 6.515 Thread 0x000001f1207eefc0 nmethod 4878 0x000001f10b2c0f10 code [0x000001f10b2c10c0, 0x000001f10b2c1338]
Event: 6.536 Thread 0x000001f1207eefc0 4879       3       java.lang.ProcessEnvironment$CheckedEntrySet$1::hasNext (10 bytes)
Event: 6.536 Thread 0x000001f1207eefc0 nmethod 4879 0x000001f10b2c1410 code [0x000001f10b2c15c0, 0x000001f10b2c1788]
Event: 6.536 Thread 0x000001f1207eefc0 4881       3       java.lang.ProcessEnvironment$NameComparator::compare (90 bytes)
Event: 6.538 Thread 0x000001f1207eefc0 nmethod 4881 0x000001f10b2c1890 code [0x000001f10b2c1ba0, 0x000001f10b2c2e98]
Event: 6.538 Thread 0x000001f1207eefc0 4882       3       java.lang.ProcessEnvironment$CheckedEntry::getKey (5 bytes)
Event: 6.539 Thread 0x000001f1207eefc0 nmethod 4882 0x000001f10b2c3790 code [0x000001f10b2c3940, 0x000001f10b2c3c68]
Event: 6.539 Thread 0x000001f1207eefc0 4883       3       java.lang.ProcessEnvironment$CheckedEntry::getKey (13 bytes)
Event: 6.539 Thread 0x000001f1207eefc0 nmethod 4883 0x000001f10b2c3d90 code [0x000001f10b2c3f40, 0x000001f10b2c4208]
Event: 6.539 Thread 0x000001f1207eefc0 4880       3       java.lang.ProcessEnvironment$CheckedEntrySet$1::next (5 bytes)
Event: 6.539 Thread 0x000001f1207eefc0 nmethod 4880 0x000001f10b2c4310 code [0x000001f10b2c44e0, 0x000001f10b2c49c8]
Event: 6.578 Thread 0x000001f1207eefc0 4889       3       java.lang.invoke.MethodHandles$Lookup$ClassFile::<init> (20 bytes)
Event: 6.579 Thread 0x000001f1207eefc0 nmethod 4889 0x000001f10b2c4b90 code [0x000001f10b2c4d40, 0x000001f10b2c4f78]
Event: 6.579 Thread 0x000001f1207eefc0 4890       3       java.lang.invoke.MethodHandles$Lookup::makeHiddenClassDefiner (42 bytes)
Event: 6.581 Thread 0x000001f1207eefc0 nmethod 4890 0x000001f10b2c5010 code [0x000001f10b2c52c0, 0x000001f10b2c61d8]
Event: 6.581 Thread 0x000001f1207eefc0 4891       3       java.lang.System$2::defineClass (21 bytes)
Event: 6.581 Thread 0x000001f1207eefc0 nmethod 4891 0x000001f10b2c6710 code [0x000001f10b2c68c0, 0x000001f10b2c6a28]
Event: 6.639 Thread 0x000001f1665bd7e0 

Event: 6.639 Thread 0x000001f1665bd7e0 4884       4       java.util.TimSort::binarySort (223 bytes)

GC Heap History (8 events):
Event: 0.960 GC heap before
{Heap before GC invocations=0 (full 0):
 garbage-first heap   total 114688K, used 22528K [0x0000000091000000, 0x0000000100000000)
  region size 1024K, 23 young (23552K), 0 survivors (0K)
 Metaspace       used 5459K, committed 5696K, reserved 1114112K
  class space    used 663K, committed 768K, reserved 1048576K
}
Event: 0.976 GC heap after
{Heap after GC invocations=1 (full 0):
 garbage-first heap   total 114688K, used 3668K [0x0000000091000000, 0x0000000100000000)
  region size 1024K, 3 young (3072K), 3 survivors (3072K)
 Metaspace       used 5459K, committed 5696K, reserved 1114112K
  class space    used 663K, committed 768K, reserved 1048576K
}
Event: 1.801 GC heap before
{Heap before GC invocations=1 (full 0):
 garbage-first heap   total 114688K, used 33364K [0x0000000091000000, 0x0000000100000000)
  region size 1024K, 32 young (32768K), 3 survivors (3072K)
 Metaspace       used 9626K, committed 9856K, reserved 1114112K
  class space    used 1173K, committed 1280K, reserved 1048576K
}
Event: 1.819 GC heap after
{Heap after GC invocations=2 (full 0):
 garbage-first heap   total 114688K, used 5477K [0x0000000091000000, 0x0000000100000000)
  region size 1024K, 2 young (2048K), 2 survivors (2048K)
 Metaspace       used 9626K, committed 9856K, reserved 1114112K
  class space    used 1173K, committed 1280K, reserved 1048576K
}
Event: 4.040 GC heap before
{Heap before GC invocations=2 (full 0):
 garbage-first heap   total 114688K, used 72037K [0x0000000091000000, 0x0000000100000000)
  region size 1024K, 67 young (68608K), 2 survivors (2048K)
 Metaspace       used 15601K, committed 15744K, reserved 1114112K
  class space    used 1863K, committed 1920K, reserved 1048576K
}
Event: 4.060 GC heap after
{Heap after GC invocations=3 (full 0):
 garbage-first heap   total 114688K, used 12769K [0x0000000091000000, 0x0000000100000000)
  region size 1024K, 9 young (9216K), 9 survivors (9216K)
 Metaspace       used 15601K, committed 15744K, reserved 1114112K
  class space    used 1863K, committed 1920K, reserved 1048576K
}
Event: 5.474 GC heap before
{Heap before GC invocations=3 (full 0):
 garbage-first heap   total 114688K, used 97761K [0x0000000091000000, 0x0000000100000000)
  region size 1024K, 61 young (62464K), 9 survivors (9216K)
 Metaspace       used 17799K, committed 18112K, reserved 1114112K
  class space    used 2073K, committed 2240K, reserved 1048576K
}
Event: 5.491 GC heap after
{Heap after GC invocations=4 (full 0):
 garbage-first heap   total 114688K, used 14872K [0x0000000091000000, 0x0000000100000000)
  region size 1024K, 3 young (3072K), 3 survivors (3072K)
 Metaspace       used 17799K, committed 18112K, reserved 1114112K
  class space    used 2073K, committed 2240K, reserved 1048576K
}

Deoptimization events (20 events):
Event: 6.296 Thread 0x000001f102fd68b0 Uncommon trap: trap_request=0xffffff45 fr.pc=0x000001f112587cfc relative=0x00000000000012fc
Event: 6.296 Thread 0x000001f102fd68b0 Uncommon trap: reason=unstable_if action=reinterpret pc=0x000001f112587cfc method=sun.nio.fs.WindowsPathParser.isSlash(C)Z @ 9 c2
Event: 6.296 Thread 0x000001f102fd68b0 DEOPT PACKING pc=0x000001f112587cfc sp=0x000000a0f2ffd260
Event: 6.296 Thread 0x000001f102fd68b0 DEOPT UNPACKING pc=0x000001f111e123a3 sp=0x000000a0f2ffd210 mode 2
Event: 6.536 Thread 0x000001f102fd68b0 Uncommon trap: trap_request=0xffffffbe fr.pc=0x000001f112452bc8 relative=0x0000000000001de8
Event: 6.536 Thread 0x000001f102fd68b0 Uncommon trap: reason=profile_predicate action=maybe_recompile pc=0x000001f112452bc8 method=java.util.TimSort.binarySort([Ljava/lang/Object;IIILjava/util/Comparator;)V @ 34 c2
Event: 6.536 Thread 0x000001f102fd68b0 DEOPT PACKING pc=0x000001f112452bc8 sp=0x000000a0f2ffd560
Event: 6.536 Thread 0x000001f102fd68b0 DEOPT UNPACKING pc=0x000001f111e123a3 sp=0x000000a0f2ffd540 mode 2
Event: 6.536 Thread 0x000001f102fd68b0 Uncommon trap: trap_request=0xffffffbe fr.pc=0x000001f112452bc8 relative=0x0000000000001de8
Event: 6.536 Thread 0x000001f102fd68b0 Uncommon trap: reason=profile_predicate action=maybe_recompile pc=0x000001f112452bc8 method=java.util.TimSort.binarySort([Ljava/lang/Object;IIILjava/util/Comparator;)V @ 34 c2
Event: 6.536 Thread 0x000001f102fd68b0 DEOPT PACKING pc=0x000001f112452bc8 sp=0x000000a0f2ffd560
Event: 6.536 Thread 0x000001f102fd68b0 DEOPT UNPACKING pc=0x000001f111e123a3 sp=0x000000a0f2ffd540 mode 2
Event: 6.536 Thread 0x000001f102fd68b0 Uncommon trap: trap_request=0xffffffbe fr.pc=0x000001f112452bc8 relative=0x0000000000001de8
Event: 6.536 Thread 0x000001f102fd68b0 Uncommon trap: reason=profile_predicate action=maybe_recompile pc=0x000001f112452bc8 method=java.util.TimSort.binarySort([Ljava/lang/Object;IIILjava/util/Comparator;)V @ 34 c2
Event: 6.536 Thread 0x000001f102fd68b0 DEOPT PACKING pc=0x000001f112452bc8 sp=0x000000a0f2ffd560
Event: 6.536 Thread 0x000001f102fd68b0 DEOPT UNPACKING pc=0x000001f111e123a3 sp=0x000000a0f2ffd540 mode 2
Event: 6.581 Thread 0x000001f102fd68b0 Uncommon trap: trap_request=0xffffffde fr.pc=0x000001f112534238 relative=0x0000000000000518
Event: 6.581 Thread 0x000001f102fd68b0 Uncommon trap: reason=class_check action=maybe_recompile pc=0x000001f112534238 method=java.util.Hashtable.get(Ljava/lang/Object;)Ljava/lang/Object; @ 6 c2
Event: 6.581 Thread 0x000001f102fd68b0 DEOPT PACKING pc=0x000001f112534238 sp=0x000000a0f2ffd930
Event: 6.581 Thread 0x000001f102fd68b0 DEOPT UNPACKING pc=0x000001f111e123a3 sp=0x000000a0f2ffd8e0 mode 2

Classes unloaded (0 events):
No events

Classes redefined (0 events):
No events

Internal exceptions (20 events):
Event: 2.973 Thread 0x000001f102fd68b0 Implicit null exception at 0x000001f11238e572 to 0x000001f11238eb4c
Event: 3.024 Thread 0x000001f102fd68b0 Exception <a 'java/lang/NoSuchMethodError'{0x0000000096ab5c60}: 'void java.lang.invoke.DirectMethodHandle$Holder.invokeSpecial(java.lang.Object, java.lang.Object, java.lang.Object, java.lang.Object, java.lang.Object)'> (0x0000000096ab5c60) 
thrown [s\open\src\hotspot\share\interpreter\linkResolver.cpp, line 759]
Event: 3.028 Thread 0x000001f102fd68b0 Exception <a 'java/lang/NoSuchMethodError'{0x0000000096ad32e8}: 'void java.lang.invoke.DirectMethodHandle$Holder.invokeSpecial(java.lang.Object, java.lang.Object, java.lang.Object, java.lang.Object, java.lang.Object, java.lang.Object)'> (0x0000000096ad32e8) 
thrown [s\open\src\hotspot\share\interpreter\linkResolver.cpp, line 759]
Event: 3.050 Thread 0x000001f102fd68b0 Exception <a 'java/lang/NoSuchMethodError'{0x00000000969c9f38}: 'java.lang.Object java.lang.invoke.DirectMethodHandle$Holder.invokeVirtual(java.lang.Object, java.lang.Object, java.lang.Object)'> (0x00000000969c9f38) 
thrown [s\open\src\hotspot\share\interpreter\linkResolver.cpp, line 759]
Event: 3.699 Thread 0x000001f102fd68b0 Implicit null exception at 0x000001f11246c86d to 0x000001f11246dcb8
Event: 3.699 Thread 0x000001f102fd68b0 Implicit null exception at 0x000001f11241386c to 0x000001f112413a58
Event: 3.699 Thread 0x000001f102fd68b0 Implicit null exception at 0x000001f1123ec658 to 0x000001f1123ec6ee
Event: 4.575 Thread 0x000001f102fd68b0 Implicit null exception at 0x000001f11245690f to 0x000001f112456989
Event: 4.739 Thread 0x000001f102fd68b0 Exception <a 'java/lang/NoSuchMethodError'{0x00000000965d7b58}: 'java.lang.Object java.lang.invoke.DirectMethodHandle$Holder.newInvokeSpecial(java.lang.Object, java.lang.Object, java.lang.Object, java.lang.Object, java.lang.Object, java.lang.Object, java.lang.Object)'> (0x00000000965d7b58) 
thrown [s\open\src\hotspot\share\interpreter\linkResolver.cpp, line 759]
Event: 4.740 Thread 0x000001f102fd68b0 Exception <a 'java/lang/NoSuchMethodError'{0x00000000965dc468}: 'java.lang.Object java.lang.invoke.Invokers$Holder.linkToTargetMethod(java.lang.Object, java.lang.Object, java.lang.Object, java.lang.Object, java.lang.Object, java.lang.Object, java.lang.Object)'> (0x00000000965dc468) 
thrown [s\open\src\hotspot\share\interpreter\linkResolver.cpp, line 759]
Event: 4.937 Thread 0x000001f102fd68b0 Implicit null exception at 0x000001f112533023 to 0x000001f112533724
Event: 4.949 Thread 0x000001f102fd68b0 Exception <a 'java/lang/NoSuchMethodError'{0x0000000095bcea88}: 'int java.lang.invoke.DirectMethodHandle$Holder.invokeVirtual(java.lang.Object, java.lang.Object)'> (0x0000000095bcea88) 
thrown [s\open\src\hotspot\share\interpreter\linkResolver.cpp, line 759]
Event: 4.997 Thread 0x000001f102fd68b0 Exception <a 'java/lang/NoSuchMethodError'{0x00000000959bc668}: 'int java.lang.invoke.DirectMethodHandle$Holder.invokeStatic(java.lang.Object, java.lang.Object, int)'> (0x00000000959bc668) 
thrown [s\open\src\hotspot\share\interpreter\linkResolver.cpp, line 759]
Event: 6.471 Thread 0x000001f102fd68b0 Exception <a 'java/lang/NoSuchMethodError'{0x0000000095f7c818}: 'java.lang.Object java.lang.invoke.DirectMethodHandle$Holder.invokeStaticInit(java.lang.Object, java.lang.Object, int, int, int, int)'> (0x0000000095f7c818) 
thrown [s\open\src\hotspot\share\interpreter\linkResolver.cpp, line 759]
Event: 6.547 Thread 0x000001f102fd68b0 Exception <a 'java/lang/NoSuchMethodError'{0x0000000095fd5bb0}: 'void java.lang.invoke.DirectMethodHandle$Holder.invokeStatic(java.lang.Object, long)'> (0x0000000095fd5bb0) 
thrown [s\open\src\hotspot\share\interpreter\linkResolver.cpp, line 759]
Event: 6.548 Thread 0x000001f102fd68b0 Exception <a 'java/lang/NoSuchMethodError'{0x0000000095fdb188}: 'java.lang.Object java.lang.invoke.DirectMethodHandle$Holder.newInvokeSpecial(java.lang.Object, long)'> (0x0000000095fdb188) 
thrown [s\open\src\hotspot\share\interpreter\linkResolver.cpp, line 759]
Event: 6.552 Thread 0x000001f102fd68b0 Exception <a 'java/lang/NoSuchMethodError'{0x0000000095fe22f0}: 'java.lang.Object java.lang.invoke.DirectMethodHandle$Holder.invokeStatic(java.lang.Object, java.lang.Object, long, java.lang.Object)'> (0x0000000095fe22f0) 
thrown [s\open\src\hotspot\share\interpreter\linkResolver.cpp, line 759]
Event: 6.552 Thread 0x000001f102fd68b0 Exception <a 'java/lang/NoSuchMethodError'{0x0000000095fe5ac8}: 'java.lang.Object java.lang.invoke.DirectMethodHandle$Holder.invokeStaticInit(java.lang.Object, java.lang.Object, long, java.lang.Object)'> (0x0000000095fe5ac8) 
thrown [s\open\src\hotspot\share\interpreter\linkResolver.cpp, line 759]
Event: 6.555 Thread 0x000001f102fd68b0 Exception <a 'java/lang/NoSuchMethodError'{0x0000000095fec110}: 'java.lang.Object java.lang.invoke.DirectMethodHandle$Holder.newInvokeSpecial(java.lang.Object, java.lang.Object, long)'> (0x0000000095fec110) 
thrown [s\open\src\hotspot\share\interpreter\linkResolver.cpp, line 759]
Event: 6.557 Thread 0x000001f102fd68b0 Exception <a 'java/lang/NoSuchMethodError'{0x0000000095fefc80}: 'java.lang.Object java.lang.invoke.Invokers$Holder.linkToTargetMethod(java.lang.Object, long, java.lang.Object)'> (0x0000000095fefc80) 
thrown [s\open\src\hotspot\share\interpreter\linkResolver.cpp, line 759]

VM Operations (20 events):
Event: 3.674 Executing VM operation: ICBufferFull
Event: 3.675 Executing VM operation: ICBufferFull done
Event: 3.721 Executing VM operation: HandshakeAllThreads
Event: 3.721 Executing VM operation: HandshakeAllThreads done
Event: 3.869 Executing VM operation: ICBufferFull
Event: 3.869 Executing VM operation: ICBufferFull done
Event: 4.040 Executing VM operation: G1CollectForAllocation
Event: 4.060 Executing VM operation: G1CollectForAllocation done
Event: 4.734 Executing VM operation: ICBufferFull
Event: 4.734 Executing VM operation: ICBufferFull done
Event: 4.989 Executing VM operation: ICBufferFull
Event: 4.989 Executing VM operation: ICBufferFull done
Event: 5.474 Executing VM operation: G1CollectForAllocation
Event: 5.491 Executing VM operation: G1CollectForAllocation done
Event: 5.519 Executing VM operation: HandshakeAllThreads
Event: 5.519 Executing VM operation: HandshakeAllThreads done
Event: 6.330 Executing VM operation: HandshakeAllThreads
Event: 6.330 Executing VM operation: HandshakeAllThreads done
Event: 6.532 Executing VM operation: ICBufferFull
Event: 6.533 Executing VM operation: ICBufferFull done

Events (20 events):
Event: 6.566 loading class java/util/concurrent/SynchronousQueue$Transferer done
Event: 6.566 loading class java/util/concurrent/SynchronousQueue$TransferStack done
Event: 6.566 loading class java/util/concurrent/SynchronousQueue$TransferStack$SNode
Event: 6.567 loading class java/util/concurrent/SynchronousQueue$TransferStack$SNode done
Event: 6.567 loading class java/lang/ProcessImpl$2
Event: 6.568 loading class java/lang/ProcessImpl$2 done
Event: 6.569 loading class java/lang/ProcessBuilder$NullOutputStream
Event: 6.569 loading class java/lang/ProcessBuilder$NullOutputStream done
Event: 6.570 loading class java/lang/ProcessBuilder$NullInputStream
Event: 6.570 loading class java/lang/ProcessBuilder$NullInputStream done
Event: 6.570 loading class jdk/internal/event/ProcessStartEvent
Event: 6.570 loading class jdk/internal/event/ProcessStartEvent done
Event: 6.574 loading class sun/misc/Signal
Event: 6.575 loading class sun/misc/Signal done
Event: 6.576 loading class sun/misc/SignalHandler
Event: 6.576 loading class sun/misc/SignalHandler done
Event: 6.579 loading class sun/misc/Signal$InternalMiscHandler
Event: 6.579 loading class sun/misc/Signal$InternalMiscHandler done
Event: 6.580 loading class sun/misc/Signal$SunMiscHandler
Event: 6.581 loading class sun/misc/Signal$SunMiscHandler done


Dynamic libraries:
0x00007ff6de750000 - 0x00007ff6de760000 	C:\Program Files\Java\jdk-17\bin\java.exe
0x00007ffd30a10000 - 0x00007ffd30c27000 	C:\WINDOWS\SYSTEM32\ntdll.dll
0x00007ffd300a0000 - 0x00007ffd30164000 	C:\WINDOWS\System32\KERNEL32.DLL
0x00007ffd2dbe0000 - 0x00007ffd2dfb3000 	C:\WINDOWS\System32\KERNELBASE.dll
0x00007ffd2e2d0000 - 0x00007ffd2e3e1000 	C:\WINDOWS\System32\ucrtbase.dll
0x00007ffd2a0c0000 - 0x00007ffd2a0db000 	C:\Program Files\Java\jdk-17\bin\VCRUNTIME140.dll
0x00007ffd26820000 - 0x00007ffd26839000 	C:\Program Files\Java\jdk-17\bin\jli.dll
0x00007ffd2eb30000 - 0x00007ffd2ebe1000 	C:\WINDOWS\System32\ADVAPI32.dll
0x00007ffd2fc10000 - 0x00007ffd2fcb7000 	C:\WINDOWS\System32\msvcrt.dll
0x00007ffd2fcc0000 - 0x00007ffd2fd68000 	C:\WINDOWS\System32\sechost.dll
0x00007ffd2e510000 - 0x00007ffd2e538000 	C:\WINDOWS\System32\bcrypt.dll
0x00007ffd2faf0000 - 0x00007ffd2fc04000 	C:\WINDOWS\System32\RPCRT4.dll
0x00007ffd30350000 - 0x00007ffd30501000 	C:\WINDOWS\System32\USER32.dll
0x00007ffd1ea60000 - 0x00007ffd1ecf8000 	C:\WINDOWS\WinSxS\amd64_microsoft.windows.common-controls_6595b64144ccf1df_6.0.22621.5124_none_270e8f4f7386d69d\COMCTL32.dll
0x00007ffd2e1a0000 - 0x00007ffd2e1c6000 	C:\WINDOWS\System32\win32u.dll
0x00007ffd2ebf0000 - 0x00007ffd2ec19000 	C:\WINDOWS\System32\GDI32.dll
0x00007ffd2e3f0000 - 0x00007ffd2e50b000 	C:\WINDOWS\System32\gdi32full.dll
0x00007ffd2dfc0000 - 0x00007ffd2e05a000 	C:\WINDOWS\System32\msvcp_win.dll
0x00007ffd283a0000 - 0x00007ffd283aa000 	C:\WINDOWS\SYSTEM32\VERSION.dll
0x00007ffd30740000 - 0x00007ffd30771000 	C:\WINDOWS\System32\IMM32.DLL
0x00007ffd27c50000 - 0x00007ffd27c5c000 	C:\Program Files\Java\jdk-17\bin\vcruntime140_1.dll
0x00007ffd25300000 - 0x00007ffd2538e000 	C:\Program Files\Java\jdk-17\bin\msvcp140.dll
0x00007ffcbb5b0000 - 0x00007ffcbc190000 	C:\Program Files\Java\jdk-17\bin\server\jvm.dll
0x00007ffd2f740000 - 0x00007ffd2f748000 	C:\WINDOWS\System32\PSAPI.DLL
0x00007ffd2b980000 - 0x00007ffd2b9b4000 	C:\WINDOWS\SYSTEM32\WINMM.dll
0x00007ffd19860000 - 0x00007ffd19869000 	C:\WINDOWS\SYSTEM32\WSOCK32.dll
0x00007ffd2ec20000 - 0x00007ffd2ec91000 	C:\WINDOWS\System32\WS2_32.dll
0x00007ffd2cb20000 - 0x00007ffd2cb38000 	C:\WINDOWS\SYSTEM32\kernel.appcore.dll
0x00007ffd26810000 - 0x00007ffd2681a000 	C:\Program Files\Java\jdk-17\bin\jimage.dll
0x00007ffd2b260000 - 0x00007ffd2b492000 	C:\WINDOWS\SYSTEM32\DBGHELP.DLL
0x00007ffd2f750000 - 0x00007ffd2fae2000 	C:\WINDOWS\System32\combase.dll
0x00007ffd2ecb0000 - 0x00007ffd2ed87000 	C:\WINDOWS\System32\OLEAUT32.dll
0x00007ffd27ea0000 - 0x00007ffd27ed2000 	C:\WINDOWS\SYSTEM32\dbgcore.DLL
0x00007ffd2e1d0000 - 0x00007ffd2e24b000 	C:\WINDOWS\System32\bcryptPrimitives.dll
0x00007ffd267e0000 - 0x00007ffd26805000 	C:\Program Files\Java\jdk-17\bin\java.dll
0x00007ffd1dcd0000 - 0x00007ffd1dda7000 	C:\Program Files\Java\jdk-17\bin\jsvml.dll
0x00007ffd2eea0000 - 0x00007ffd2f736000 	C:\WINDOWS\System32\SHELL32.dll
0x00007ffd2e060000 - 0x00007ffd2e19f000 	C:\WINDOWS\System32\wintypes.dll
0x00007ffd2b9f0000 - 0x00007ffd2c30a000 	C:\WINDOWS\SYSTEM32\windows.storage.dll
0x00007ffd301e0000 - 0x00007ffd302ea000 	C:\WINDOWS\System32\SHCORE.dll
0x00007ffd30170000 - 0x00007ffd301d3000 	C:\WINDOWS\System32\shlwapi.dll
0x00007ffd2da50000 - 0x00007ffd2da7b000 	C:\WINDOWS\SYSTEM32\profapi.dll
0x00007ffd26630000 - 0x00007ffd26649000 	C:\Program Files\Java\jdk-17\bin\net.dll
0x00007ffd29610000 - 0x00007ffd2973c000 	C:\WINDOWS\SYSTEM32\WINHTTP.dll
0x00007ffd2cfb0000 - 0x00007ffd2d01a000 	C:\WINDOWS\system32\mswsock.dll
0x00007ffd26610000 - 0x00007ffd26626000 	C:\Program Files\Java\jdk-17\bin\nio.dll
0x00007ffd25b50000 - 0x00007ffd25b68000 	C:\Program Files\Java\jdk-17\bin\zip.dll
0x00007ffd25b20000 - 0x00007ffd25b44000 	D:\apache-maven-3.9.9-bin\apache-maven-3.9.9\lib\jansi-native\Windows\x86_64\jansi.dll
0x00007ffd26690000 - 0x00007ffd266a0000 	C:\Program Files\Java\jdk-17\bin\verify.dll
0x00007ffd2d220000 - 0x00007ffd2d23b000 	C:\WINDOWS\SYSTEM32\CRYPTSP.dll
0x00007ffd2ca80000 - 0x00007ffd2cab7000 	C:\WINDOWS\system32\rsaenh.dll
0x00007ffd2d0a0000 - 0x00007ffd2d0c8000 	C:\WINDOWS\SYSTEM32\USERENV.dll
0x00007ffd2d240000 - 0x00007ffd2d24c000 	C:\WINDOWS\SYSTEM32\CRYPTBASE.dll
0x00007ffd2c570000 - 0x00007ffd2c59d000 	C:\WINDOWS\SYSTEM32\IPHLPAPI.DLL
0x00007ffd2eca0000 - 0x00007ffd2eca9000 	C:\WINDOWS\System32\NSI.dll
0x00007ffd29590000 - 0x00007ffd295a9000 	C:\WINDOWS\SYSTEM32\dhcpcsvc6.DLL
0x00007ffd29570000 - 0x00007ffd2958f000 	C:\WINDOWS\SYSTEM32\dhcpcsvc.DLL
0x00007ffd2c5e0000 - 0x00007ffd2c6e2000 	C:\WINDOWS\SYSTEM32\DNSAPI.dll

dbghelp: loaded successfully - version: 4.0.5 - missing functions: none
symbol engine: initialized successfully - sym options: 0x614 - pdb path: .;C:\Program Files\Java\jdk-17\bin;C:\WINDOWS\SYSTEM32;C:\WINDOWS\WinSxS\amd64_microsoft.windows.common-controls_6595b64144ccf1df_6.0.22621.5124_none_270e8f4f7386d69d;C:\Program Files\Java\jdk-17\bin\server;D:\apache-maven-3.9.9-bin\apache-maven-3.9.9\lib\jansi-native\Windows\x86_64

VM Arguments:
jvm_args: -Dclassworlds.conf=D:\apache-maven-3.9.9-bin\apache-maven-3.9.9\bin\m2.conf -Dmaven.home=D:\apache-maven-3.9.9-bin\apache-maven-3.9.9 -Dlibrary.jansi.path=D:\apache-maven-3.9.9-bin\apache-maven-3.9.9\lib\jansi-native -Dmaven.multiModuleProjectDirectory=D:\M1 ESP\S2\PPP\Projet_Orthanc_Doc_Rendre\App_Image_Medical_Orthanc\orthanc-backend 
java_command: org.codehaus.plexus.classworlds.launcher.Launcher spring-boot:run
java_class_path (initial): D:\apache-maven-3.9.9-bin\apache-maven-3.9.9\boot\plexus-classworlds-2.8.0.jar
Launcher Type: SUN_STANDARD

[Global flags]
     intx CICompilerCount                          = 4                                         {product} {ergonomic}
     uint ConcGCThreads                            = 2                                         {product} {ergonomic}
     uint G1ConcRefinementThreads                  = 8                                         {product} {ergonomic}
   size_t G1HeapRegionSize                         = 1048576                                   {product} {ergonomic}
    uintx GCDrainStackTargetSize                   = 64                                        {product} {ergonomic}
   size_t InitialHeapSize                          = 117440512                                 {product} {ergonomic}
   size_t MarkStackSize                            = 4194304                                   {product} {ergonomic}
   size_t MaxHeapSize                              = 1862270976                                {product} {ergonomic}
   size_t MaxNewSize                               = 1116733440                                {product} {ergonomic}
   size_t MinHeapDeltaBytes                        = 1048576                                   {product} {ergonomic}
   size_t MinHeapSize                              = 8388608                                   {product} {ergonomic}
    uintx NonNMethodCodeHeapSize                   = 5839372                                {pd product} {ergonomic}
    uintx NonProfiledCodeHeapSize                  = 122909434                              {pd product} {ergonomic}
    uintx ProfiledCodeHeapSize                     = 122909434                              {pd product} {ergonomic}
    uintx ReservedCodeCacheSize                    = 251658240                              {pd product} {ergonomic}
     bool SegmentedCodeCache                       = true                                      {product} {ergonomic}
   size_t SoftMaxHeapSize                          = 1862270976                             {manageable} {ergonomic}
     bool UseCompressedClassPointers               = true                           {product lp64_product} {ergonomic}
     bool UseCompressedOops                        = true                           {product lp64_product} {ergonomic}
     bool UseG1GC                                  = true                                      {product} {ergonomic}
     bool UseLargePagesIndividualAllocation        = false                                  {pd product} {ergonomic}

Logging:
Log output configuration:
 #0: stdout all=warning uptime,level,tags
 #1: stderr all=off uptime,level,tags

Environment Variables:
JAVA_HOME=C:\Program Files\Java\jdk-17
PATH=C:\Users\Mohameth\.sdkman\candidates\java\17.0.12-tem\bin;C:\Program Files (x86)\VMware\VMware Workstation\bin\;C:\Program Files\Common Files\Oracle\Java\javapath;C:\Program Files\Python38\Scripts\;C:\Program Files\Python38\;C:\WINDOWS\system32;C:\WINDOWS;C:\WINDOWS\System32\Wbem;C:\WINDOWS\System32\WindowsPowerShell\v1.0\;C:\WINDOWS\System32\OpenSSH\;C:\Program Files\mingw32\bin;C:\Program Files\MongoDB\Server\6.0\bin;C:\Users\Mohameth\.jdks\openjdk-21.0.1;C:\Program Files\Java\jdk-21\bin;C:\mongosh-1.10.1-win32-x64\mongosh-1.10.1-win32-x64\bin;D:\Doc_M1_ESP\jdk-8u431-windows-x64\jdk1.8.0_431\bin;C:\xampp\php;C:\ProgramData\ComposerSetup\bin;C:\OCaml64\usr\local\bin;C:\ProgramData\chocolatey\bin;C:\Program Files\nodejs\;D:\apache-maven-3.9.9-bin\apache-maven-3.9.9\bin;C:\Program Files\Git\cmd;C:\Program Files\Git\mingw64\bin;C:\Program Files\Git\usr\bin;C:\xampp\mysql\bin;D:\Doc_M1_ESP\hadoop\hadoop\bin;D:\Doc_M1_ESP\hadoop\hadoop\sbin;C:\Users\Mohameth\AppData\Local\Programs\Python\Python312\Scripts\;C:\Users\Mohameth\AppData\Local\Programs\Python\Python312\;C:\Users\Mohameth\AppData\Local\Programs\Python\Launcher\;C:\Users\Mohameth\AppData\Local\activestate\cache\bin;C:\Users\Mohameth\AppData\Local\ActiveState\StateTool\release\bin;C:\Users\Mohameth\AppData\Local\Microsoft\WindowsApps;C:\Program Files (x86)\Nmap;C:\Users\Mohameth\AppData\Roaming\Composer\vendor\bin;C:\Program Files\JetBrains\PyCharm Edu 2022.2.2\bin;;D:\src\flutter\bin;C:\OCaml64\home\Mohameth\.opam\4.14.0+mingw64c\bin;C:\OneDrive\Bureau\LGI 3 GL\Semestre 5\Programmation Fonctionnel\Projet_PF\\Projet_PFbin;C:\Users\Mohameth\AppData\Roaming\npm;D:\IntelliJ IDEA 2024.2.4\bin;;C:\Program Files\mosquitto;D:\Microsoft VS Code\bin;D:\IntelliJ IDEA Community Edition 2024.3.1.1\bin;;C:\Users\Mohameth\.jdks\corretto-1.8.0_432\bin;C:\Program Files\PostgreSQL\17\bin;C:\Program Files\PostgreSQL\17\lib;
USERNAME=Mohameth
OS=Windows_NT
PROCESSOR_IDENTIFIER=AMD64 Family 23 Model 24 Stepping 1, AuthenticAMD



---------------  S Y S T E M  ---------------

OS:
 Windows 11 , 64 bit Build 22621 (10.0.22621.5124)
OS uptime: 0 days 18:31 hours
Hyper-V role detected

CPU: total 8 (initial active 8) (8 cores per cpu, 2 threads per core) family 23 model 24 stepping 1 microcode 0x0, cx8, cmov, fxsr, ht, mmx, 3dnowpref, sse, sse2, sse3, ssse3, sse4a, sse4.1, sse4.2, popcnt, lzcnt, tsc, tscinvbit, avx, avx2, aes, clmul, bmi1, bmi2, adx, sha, fma, vzeroupper, clflush, clflushopt, hv

Memory: 4k page, system-wide physical 7103M (449M free)
TotalPageFile size 10321M (AvailPageFile size 11M)
current process WorkingSet (physical memory assigned to process): 216M, peak: 218M
current process commit charge ("private bytes"): 260M, peak: 263M

vm_info: Java HotSpot(TM) 64-Bit Server VM (17.0.12+8-LTS-286) for windows-amd64 JRE (17.0.12+8-LTS-286), built on Jun  5 2024 06:46:59 by "mach5one" with MS VC++ 17.6 (VS2022)

END.
