#
# There is insufficient memory for the Java Runtime Environment to continue.
# Native memory allocation (malloc) failed to allocate 1048576 bytes for AllocateHeap
# Possible reasons:
#   The system is out of physical RAM or swap space
#   The process is running with CompressedOops enabled, and the Java Heap may be blocking the growth of the native heap
# Possible solutions:
#   Reduce memory load on the system
#   Increase physical memory or swap space
#   Check if swap backing store is full
#   Decrease Java heap size (-Xmx/-Xms)
#   Decrease number of Java threads
#   Decrease Java thread stack sizes (-Xss)
#   Set larger code cache with -XX:ReservedCodeCacheSize=
#   JVM is running with Unscaled Compressed Oops mode in which the Java heap is
#     placed in the first 4GB address space. The Java Heap base address is the
#     maximum limit for the native heap growth. Please use -XX:HeapBaseMinAddress
#     to set the Java Heap base and to place the Java Heap above 4GB virtual address.
# This output file may be truncated or incomplete.
#
#  Out of Memory Error (allocation.cpp:44), pid=15732, tid=2256
#
# JRE version:  (17.0.12+8) (build )
# Java VM: Java HotSpot(TM) 64-Bit Server VM (17.0.12+8-LTS-286, mixed mode, emulated-client, sharing, tiered, compressed oops, compressed class ptrs, g1 gc, windows-amd64)
# No core dump will be written. Minidumps are not enabled by default on client versions of Windows
#

---------------  S U M M A R Y ------------

Command Line: -XX:TieredStopAtLevel=1 sn.esp.orthanc_backend.OrthancBackendApplication

Host: AMD Ryzen 5 3500U with Radeon Vega Mobile Gfx  , 8 cores, 6G,  Windows 11 , 64 bit Build 22621 (10.0.22621.5124)
Time: Tue May 27 10:41:35 2025 Greenwich elapsed time: 0.046060 seconds (0d 0h 0m 0s)

---------------  T H R E A D  ---------------

Current thread (0x000001e8acc1c900):  JavaThread "Unknown thread" [_thread_in_vm, id=2256, stack(0x00000083fa600000,0x00000083fa700000)]

Stack: [0x00000083fa600000,0x00000083fa700000]
Native frames: (J=compiled Java code, j=interpreted, Vv=VM code, C=native code)
V  [jvm.dll+0x67a04a]
V  [jvm.dll+0x7da4ed]
V  [jvm.dll+0x7dbe33]
V  [jvm.dll+0x7dc4a3]
V  [jvm.dll+0x24508f]
V  [jvm.dll+0xa5e2b]
V  [jvm.dll+0x2d4e37]
V  [jvm.dll+0x7ac9ec]
V  [jvm.dll+0x367591]
V  [jvm.dll+0x78b999]
V  [jvm.dll+0x3ec83f]
V  [jvm.dll+0x3ee471]
C  [jli.dll+0x5297]
C  [ucrtbase.dll+0x29333]
C  [KERNEL32.DLL+0x1259d]
C  [ntdll.dll+0x5af38]


---------------  P R O C E S S  ---------------

Threads class SMR info:
_java_thread_list=0x00007ffcbc067a18, length=0, elements={
}

Java Threads: ( => current thread )

Other Threads:

=>0x000001e8acc1c900 (exited) JavaThread "Unknown thread" [_thread_in_vm, id=2256, stack(0x00000083fa600000,0x00000083fa700000)]

Threads with active compile tasks:

VM state: not at safepoint (not fully initialized)

VM Mutex/Monitor currently owned by a thread: None

Heap address: 0x0000000000000000, size: 0 MB, Compressed Oops mode: 32-bit

CDS archive(s) mapped at: [0x0000000000000000-0x0000000000000000-0x0000000000000000), size 0, SharedBaseAddress: 0x0000000800000000, ArchiveRelocationMode: 1.
Narrow klass base: 0x0000000000000000, Narrow klass shift: 0, Narrow klass range: 0x0

GC Precious Log:
<Empty>

GC Heap History (0 events):
No events

Deoptimization events (0 events):
No events

Classes unloaded (0 events):
No events

Classes redefined (0 events):
No events

Internal exceptions (0 events):
No events

VM Operations (0 events):
No events

Events (1 events):
Event: 0.016 Loaded shared library C:\Program Files\Java\jdk-17\bin\java.dll


Dynamic libraries:
0x00007ff6de750000 - 0x00007ff6de760000 	C:\Program Files\Java\jdk-17\bin\java.exe
0x00007ffd30a10000 - 0x00007ffd30c27000 	C:\WINDOWS\SYSTEM32\ntdll.dll
0x00007ffd300a0000 - 0x00007ffd30164000 	C:\WINDOWS\System32\KERNEL32.DLL
0x00007ffd2dbe0000 - 0x00007ffd2dfb3000 	C:\WINDOWS\System32\KERNELBASE.dll
0x00007ffd2e2d0000 - 0x00007ffd2e3e1000 	C:\WINDOWS\System32\ucrtbase.dll
0x00007ffd26820000 - 0x00007ffd26839000 	C:\Program Files\Java\jdk-17\bin\jli.dll
0x00007ffd2a0c0000 - 0x00007ffd2a0db000 	C:\Program Files\Java\jdk-17\bin\VCRUNTIME140.dll
0x00007ffd2eb30000 - 0x00007ffd2ebe1000 	C:\WINDOWS\System32\ADVAPI32.dll
0x00007ffd2fc10000 - 0x00007ffd2fcb7000 	C:\WINDOWS\System32\msvcrt.dll
0x00007ffd2fcc0000 - 0x00007ffd2fd68000 	C:\WINDOWS\System32\sechost.dll
0x00007ffd2e510000 - 0x00007ffd2e538000 	C:\WINDOWS\System32\bcrypt.dll
0x00007ffd2faf0000 - 0x00007ffd2fc04000 	C:\WINDOWS\System32\RPCRT4.dll
0x00007ffd30350000 - 0x00007ffd30501000 	C:\WINDOWS\System32\USER32.dll
0x00007ffd2e1a0000 - 0x00007ffd2e1c6000 	C:\WINDOWS\System32\win32u.dll
0x00007ffd1ea60000 - 0x00007ffd1ecf8000 	C:\WINDOWS\WinSxS\amd64_microsoft.windows.common-controls_6595b64144ccf1df_6.0.22621.5124_none_270e8f4f7386d69d\COMCTL32.dll
0x00007ffd2ebf0000 - 0x00007ffd2ec19000 	C:\WINDOWS\System32\GDI32.dll
0x00007ffd2e3f0000 - 0x00007ffd2e50b000 	C:\WINDOWS\System32\gdi32full.dll
0x00007ffd2dfc0000 - 0x00007ffd2e05a000 	C:\WINDOWS\System32\msvcp_win.dll
0x00007ffd283a0000 - 0x00007ffd283aa000 	C:\WINDOWS\SYSTEM32\VERSION.dll
0x00007ffd30740000 - 0x00007ffd30771000 	C:\WINDOWS\System32\IMM32.DLL
0x00007ffd27c50000 - 0x00007ffd27c5c000 	C:\Program Files\Java\jdk-17\bin\vcruntime140_1.dll
0x00007ffd25300000 - 0x00007ffd2538e000 	C:\Program Files\Java\jdk-17\bin\msvcp140.dll
0x00007ffcbb5b0000 - 0x00007ffcbc190000 	C:\Program Files\Java\jdk-17\bin\server\jvm.dll
0x00007ffd2f740000 - 0x00007ffd2f748000 	C:\WINDOWS\System32\PSAPI.DLL
0x00007ffd2b980000 - 0x00007ffd2b9b4000 	C:\WINDOWS\SYSTEM32\WINMM.dll
0x00007ffd19860000 - 0x00007ffd19869000 	C:\WINDOWS\SYSTEM32\WSOCK32.dll
0x00007ffd2ec20000 - 0x00007ffd2ec91000 	C:\WINDOWS\System32\WS2_32.dll
0x00007ffd2cb20000 - 0x00007ffd2cb38000 	C:\WINDOWS\SYSTEM32\kernel.appcore.dll
0x00007ffd26810000 - 0x00007ffd2681a000 	C:\Program Files\Java\jdk-17\bin\jimage.dll
0x00007ffd2b260000 - 0x00007ffd2b492000 	C:\WINDOWS\SYSTEM32\DBGHELP.DLL
0x00007ffd2f750000 - 0x00007ffd2fae2000 	C:\WINDOWS\System32\combase.dll
0x00007ffd2ecb0000 - 0x00007ffd2ed87000 	C:\WINDOWS\System32\OLEAUT32.dll
0x00007ffd27ea0000 - 0x00007ffd27ed2000 	C:\WINDOWS\SYSTEM32\dbgcore.DLL
0x00007ffd2e1d0000 - 0x00007ffd2e24b000 	C:\WINDOWS\System32\bcryptPrimitives.dll
0x00007ffd267e0000 - 0x00007ffd26805000 	C:\Program Files\Java\jdk-17\bin\java.dll

dbghelp: loaded successfully - version: 4.0.5 - missing functions: none
symbol engine: initialized successfully - sym options: 0x614 - pdb path: .;C:\Program Files\Java\jdk-17\bin;C:\WINDOWS\SYSTEM32;C:\WINDOWS\WinSxS\amd64_microsoft.windows.common-controls_6595b64144ccf1df_6.0.22621.5124_none_270e8f4f7386d69d;C:\Program Files\Java\jdk-17\bin\server

VM Arguments:
jvm_args: -XX:TieredStopAtLevel=1 
java_command: sn.esp.orthanc_backend.OrthancBackendApplication
java_class_path (initial): D:\M1 ESP\S2\PPP\Projet_Orthanc_Doc_Rendre\App_Image_Medical_Orthanc\orthanc-backend\target\classes;C:\Users\Mohameth\.m2\repository\ch\qos\logback\logback-classic\1.5.18\logback-classic-1.5.18.jar;C:\Users\Mohameth\.m2\repository\ch\qos\logback\logback-core\1.5.18\logback-core-1.5.18.jar;C:\Users\Mohameth\.m2\repository\org\apache\logging\log4j\log4j-to-slf4j\2.24.3\log4j-to-slf4j-2.24.3.jar;C:\Users\Mohameth\.m2\repository\org\apache\logging\log4j\log4j-api\2.24.3\log4j-api-2.24.3.jar;C:\Users\Mohameth\.m2\repository\org\slf4j\jul-to-slf4j\2.0.17\jul-to-slf4j-2.0.17.jar;C:\Users\Mohameth\.m2\repository\jakarta\annotation\jakarta.annotation-api\2.1.1\jakarta.annotation-api-2.1.1.jar;C:\Users\Mohameth\.m2\repository\org\yaml\snakeyaml\2.4\snakeyaml-2.4.jar;C:\Users\Mohameth\.m2\repository\com\zaxxer\HikariCP\6.3.0\HikariCP-6.3.0.jar;C:\Users\Mohameth\.m2\repository\org\springframework\spring-jdbc\6.2.7\spring-jdbc-6.2.7.jar;C:\Users\Mohameth\.m2\repository\org\hibernate\orm\hibernate-core\6.6.15.Final\hibernate-core-6.6.15.Final.jar;C:\Users\Mohameth\.m2\repository\jakarta\persistence\jakarta.persistence-api\3.1.0\jakarta.persistence-api-3.1.0.jar;C:\Users\Mohameth\.m2\repository\jakarta\transaction\jakarta.transaction-api\2.0.1\jakarta.transaction-api-2.0.1.jar;C:\Users\Mohameth\.m2\repository\org\jboss\logging\jboss-logging\3.6.1.Final\jboss-logging-3.6.1.Final.jar;C:\Users\Mohameth\.m2\repository\org\hibernate\common\hibernate-commons-annotations\7.0.3.Final\hibernate-commons-annotations-7.0.3.Final.jar;C:\Users\Mohameth\.m2\repository\io\smallrye\jandex\3.2.0\jandex-3.2.0.jar;C:\Users\Mohameth\.m2\repository\com\fasterxml\classmate\1.7.0\classmate-1.7.0.jar;C:\Users\Mohameth\.m2\repository\net\bytebuddy\byte-buddy\1.17.5\byte-buddy-1.17.5.jar;C:\Users\Mohameth\.m2\repository\org\glassfish\jaxb\jaxb-runtime\4.0.5\jaxb-runtime-4.0.5.jar;C:\Users\Mohameth\.m2\repository\org\glassfish\jaxb\jaxb-core\4.0.5\jaxb-core-4.0.5.jar;C:\Users\Moh
Launcher Type: SUN_STANDARD

[Global flags]
     intx CICompilerCount                          = 4                                         {product} {ergonomic}
     uint ConcGCThreads                            = 2                                         {product} {ergonomic}
     uint G1ConcRefinementThreads                  = 8                                         {product} {ergonomic}
   size_t G1HeapRegionSize                         = 1048576                                   {product} {ergonomic}
    uintx GCDrainStackTargetSize                   = 64                                        {product} {ergonomic}
   size_t InitialHeapSize                          = 117440512                                 {product} {ergonomic}
   size_t MarkStackSize                            = 4194304                                   {product} {ergonomic}
   size_t MaxHeapSize                              = 1862270976                                {product} {ergonomic}
   size_t MinHeapDeltaBytes                        = 1048576                                   {product} {ergonomic}
   size_t MinHeapSize                              = 8388608                                   {product} {ergonomic}
    uintx NonProfiledCodeHeapSize                  = 0                                      {pd product} {ergonomic}
     bool ProfileInterpreter                       = false                                  {pd product} {command line}
    uintx ProfiledCodeHeapSize                     = 0                                      {pd product} {ergonomic}
   size_t SoftMaxHeapSize                          = 1862270976                             {manageable} {ergonomic}
     intx TieredStopAtLevel                        = 1                                         {product} {command line}
     bool UseCompressedClassPointers               = true                           {product lp64_product} {ergonomic}
     bool UseCompressedOops                        = true                           {product lp64_product} {ergonomic}
     bool UseG1GC                                  = true                                      {product} {ergonomic}
     bool UseLargePagesIndividualAllocation        = false                                  {pd product} {ergonomic}

Logging:
Log output configuration:
 #0: stdout all=warning uptime,level,tags
 #1: stderr all=off uptime,level,tags

Environment Variables:
JAVA_HOME=C:\Program Files\Java\jdk-17
PATH=C:\Users\Mohameth\.sdkman\candidates\java\17.0.12-tem\bin;C:\Program Files (x86)\VMware\VMware Workstation\bin\;C:\Program Files\Common Files\Oracle\Java\javapath;C:\Program Files\Python38\Scripts\;C:\Program Files\Python38\;C:\WINDOWS\system32;C:\WINDOWS;C:\WINDOWS\System32\Wbem;C:\WINDOWS\System32\WindowsPowerShell\v1.0\;C:\WINDOWS\System32\OpenSSH\;C:\Program Files\mingw32\bin;C:\Program Files\MongoDB\Server\6.0\bin;C:\Users\Mohameth\.jdks\openjdk-21.0.1;C:\Program Files\Java\jdk-21\bin;C:\mongosh-1.10.1-win32-x64\mongosh-1.10.1-win32-x64\bin;D:\Doc_M1_ESP\jdk-8u431-windows-x64\jdk1.8.0_431\bin;C:\xampp\php;C:\ProgramData\ComposerSetup\bin;C:\OCaml64\usr\local\bin;C:\ProgramData\chocolatey\bin;C:\Program Files\nodejs\;D:\apache-maven-3.9.9-bin\apache-maven-3.9.9\bin;C:\Program Files\Git\cmd;C:\Program Files\Git\mingw64\bin;C:\Program Files\Git\usr\bin;C:\xampp\mysql\bin;D:\Doc_M1_ESP\hadoop\hadoop\bin;D:\Doc_M1_ESP\hadoop\hadoop\sbin;C:\Users\Mohameth\AppData\Local\Programs\Python\Python312\Scripts\;C:\Users\Mohameth\AppData\Local\Programs\Python\Python312\;C:\Users\Mohameth\AppData\Local\Programs\Python\Launcher\;C:\Users\Mohameth\AppData\Local\activestate\cache\bin;C:\Users\Mohameth\AppData\Local\ActiveState\StateTool\release\bin;C:\Users\Mohameth\AppData\Local\Microsoft\WindowsApps;C:\Program Files (x86)\Nmap;C:\Users\Mohameth\AppData\Roaming\Composer\vendor\bin;C:\Program Files\JetBrains\PyCharm Edu 2022.2.2\bin;;D:\src\flutter\bin;C:\OCaml64\home\Mohameth\.opam\4.14.0+mingw64c\bin;C:\OneDrive\Bureau\LGI 3 GL\Semestre 5\Programmation Fonctionnel\Projet_PF\\Projet_PFbin;C:\Users\Mohameth\AppData\Roaming\npm;D:\IntelliJ IDEA 2024.2.4\bin;;C:\Program Files\mosquitto;D:\Microsoft VS Code\bin;D:\IntelliJ IDEA Community Edition 2024.3.1.1\bin;;C:\Users\Mohameth\.jdks\corretto-1.8.0_432\bin;C:\Program Files\PostgreSQL\17\bin;C:\Program Files\PostgreSQL\17\lib;
USERNAME=Mohameth
OS=Windows_NT
PROCESSOR_IDENTIFIER=AMD64 Family 23 Model 24 Stepping 1, AuthenticAMD



---------------  S Y S T E M  ---------------

OS:
 Windows 11 , 64 bit Build 22621 (10.0.22621.5124)
OS uptime: 0 days 18:31 hours
Hyper-V role detected

CPU: total 8 (initial active 8) (8 cores per cpu, 2 threads per core) family 23 model 24 stepping 1 microcode 0x0, cx8, cmov, fxsr, ht, mmx, 3dnowpref, sse, sse2, sse3, ssse3, sse4a, sse4.1, sse4.2, popcnt, lzcnt, tsc, tscinvbit, avx, avx2, aes, clmul, bmi1, bmi2, adx, sha, fma, vzeroupper, clflush, clflushopt, hv

Memory: 4k page, system-wide physical 7103M (448M free)
TotalPageFile size 10321M (AvailPageFile size 6M)
current process WorkingSet (physical memory assigned to process): 10M, peak: 10M
current process commit charge ("private bytes"): 6M, peak: 7M

vm_info: Java HotSpot(TM) 64-Bit Server VM (17.0.12+8-LTS-286) for windows-amd64 JRE (17.0.12+8-LTS-286), built on Jun  5 2024 06:46:59 by "mach5one" with MS VC++ 17.6 (VS2022)

END.
